<?xml version="1.0" encoding="UTF-8" ?>
<testsuite tests="3" failures="0" name="calculadora.runners.RunnerTest" time="0.027" errors="0" skipped="3">
  <properties>
    <property name="java.runtime.name" value="Java(TM) SE Runtime Environment"/>
    <property name="sun.boot.library.path" value="C:\Program Files\Java\jdk1.8.0_231\jre\bin"/>
    <property name="java.vm.version" value="25.231-b11"/>
    <property name="java.vm.vendor" value="Oracle Corporation"/>
    <property name="maven.multiModuleProjectDirectory" value="C:\Users\igorp\Documents\Workspece\workspace-teste\calculadora2Mobile"/>
    <property name="java.vendor.url" value="http://java.oracle.com/"/>
    <property name="path.separator" value=";"/>
    <property name="guice.disable.misplaced.annotation.check" value="true"/>
    <property name="java.vm.name" value="Java HotSpot(TM) 64-Bit Server VM"/>
    <property name="file.encoding.pkg" value="sun.io"/>
    <property name="user.script" value=""/>
    <property name="user.country" value="BR"/>
    <property name="sun.java.launcher" value="SUN_STANDARD"/>
    <property name="sun.os.patch.level" value=""/>
    <property name="java.vm.specification.name" value="Java Virtual Machine Specification"/>
    <property name="user.dir" value="C:\Users\igorp\Documents\Workspece\workspace-teste\calculadora2Mobile"/>
    <property name="java.runtime.version" value="1.8.0_231-b11"/>
    <property name="java.awt.graphicsenv" value="sun.awt.Win32GraphicsEnvironment"/>
    <property name="java.endorsed.dirs" value="C:\Program Files\Java\jdk1.8.0_231\jre\lib\endorsed"/>
    <property name="os.arch" value="amd64"/>
    <property name="java.io.tmpdir" value="C:\Users\igorp\AppData\Local\Temp\"/>
    <property name="line.separator" value="
"/>
    <property name="java.vm.specification.vendor" value="Oracle Corporation"/>
    <property name="user.variant" value=""/>
    <property name="os.name" value="Windows 10"/>
    <property name="classworlds.conf" value="C:\Users\igorp\Documents\Workspece\workspace-teste\.metadata\.plugins\org.eclipse.m2e.launching\launches\m2conf3848765082734989032.tmp"/>
    <property name="sun.jnu.encoding" value="Cp1252"/>
    <property name="java.library.path" value="C:\Program Files\Java\jdk1.8.0_231\bin;C:\WINDOWS\Sun\Java\bin;C:\WINDOWS\system32;C:\WINDOWS;C:/Program Files/Amazon Corretto/jdk11.0.8_10/bin/server;C:/Program Files/Amazon Corretto/jdk11.0.8_10/bin;C:\Program Files\Amazon Corretto\jdk11.0.8_10\bin;C:\Program Files (x86)\Common Files\Oracle\Java\javapath;C:\Windows\system32;C:\Windows;C:\Windows\System32\Wbem;C:\Windows\System32\WindowsPowerShell\v1.0\;C:\Windows\System32\OpenSSH\;C:\Program Files (x86)\NVIDIA Corporation\PhysX\Common;C:\Program Files\NVIDIA Corporation\NVIDIA NvDLISR;C:\Desenvolvimento\maven\apache-maven-3.6.3\bin;C:\Program Files\Git\cmd;C:\ProgramData\chocolatey\bin;C:\Program Files\nodejs\;C:\WINDOWS\system32;C:\WINDOWS;C:\WINDOWS\System32\Wbem;C:\WINDOWS\System32\WindowsPowerShell\v1.0\;C:\WINDOWS\System32\OpenSSH\;C:\Program Files (x86)\Yarn\bin\;C:\Android\Sdk\emulator;C:\Android\Sdk\tools;C:\Android\Sdk\tools\bin;C:\Android\Sdk\platform-tools;C:\Program Files\Amazon Corretto\jdk11.0.8_10\Java\jdk1.8.0_231;C:\Users\igorp\AppData\Local\Microsoft\WindowsApps;C:\Users\igorp\AppData\Local\Programs\Microsoft VS Code\b;C:\Program Files\Docker\Docker\resources\bin;C:\ProgramData\DockerDesktop\version-bin;C:\Program Files\Java\jdk1.8.0_231\bin;C:\Android\Sdk\tools;C:\Android\Sdk\tools\bin;C:\Android\Sdk\plataform-tools;C:\Users\igorp\AppData\Local\Microsoft\WindowsApps;C:\Users\igorp\AppData\Local\Programs\Microsoft VS Code\bin;C:\Users\igorp\AppData\Roaming\npm;C:\Users\igorp\AppData\Local\Yarn\bin;C:\Program Files\JetBrains\IntelliJ IDEA 2020.3.2\bin;;C:\Program Files\Java\jdk1.8.0_231\bin;C:\Android\Sdk\tools;C:\Android\Sdk\tools\bin;C:\Android\Sdk\plataform-tools;;C:\Desenvolvimento\eclipse 2020-06;;."/>
    <property name="java.specification.name" value="Java Platform API Specification"/>
    <property name="java.class.version" value="52.0"/>
    <property name="sun.management.compiler" value="HotSpot 64-Bit Tiered Compilers"/>
    <property name="os.version" value="10.0"/>
    <property name="user.home" value="C:\Users\igorp"/>
    <property name="user.timezone" value="America/Sao_Paulo"/>
    <property name="java.awt.printerjob" value="sun.awt.windows.WPrinterJob"/>
    <property name="java.specification.version" value="1.8"/>
    <property name="file.encoding" value="Cp1252"/>
    <property name="user.name" value="IgorCs"/>
    <property name="java.class.path" value="C:\Desenvolvimento\eclipse 2020-06\plugins\org.eclipse.m2e.maven.runtime_1.16.0.20200610-1735\jars\plexus-classworlds-2.6.0.jar"/>
    <property name="java.vm.specification.version" value="1.8"/>
    <property name="sun.arch.data.model" value="64"/>
    <property name="java.home" value="C:\Program Files\Java\jdk1.8.0_231\jre"/>
    <property name="sun.java.command" value="org.codehaus.plexus.classworlds.launcher.Launcher -B test"/>
    <property name="java.specification.vendor" value="Oracle Corporation"/>
    <property name="user.language" value="pt"/>
    <property name="awt.toolkit" value="sun.awt.windows.WToolkit"/>
    <property name="java.vm.info" value="mixed mode"/>
    <property name="java.version" value="1.8.0_231"/>
    <property name="java.ext.dirs" value="C:\Program Files\Java\jdk1.8.0_231\jre\lib\ext;C:\WINDOWS\Sun\Java\lib\ext"/>
    <property name="sun.boot.class.path" value="C:\Program Files\Java\jdk1.8.0_231\jre\lib\resources.jar;C:\Program Files\Java\jdk1.8.0_231\jre\lib\rt.jar;C:\Program Files\Java\jdk1.8.0_231\jre\lib\sunrsasign.jar;C:\Program Files\Java\jdk1.8.0_231\jre\lib\jsse.jar;C:\Program Files\Java\jdk1.8.0_231\jre\lib\jce.jar;C:\Program Files\Java\jdk1.8.0_231\jre\lib\charsets.jar;C:\Program Files\Java\jdk1.8.0_231\jre\lib\jfr.jar;C:\Program Files\Java\jdk1.8.0_231\jre\classes"/>
    <property name="java.vendor" value="Oracle Corporation"/>
    <property name="maven.home" value="C:\Users\igorp\Documents\Workspece\workspace-teste\calculadora2Mobile\EMBEDDED"/>
    <property name="file.separator" value="\"/>
    <property name="java.vendor.url.bug" value="http://bugreport.sun.com/bugreport/"/>
    <property name="sun.cpu.endian" value="little"/>
    <property name="sun.io.unicode.encoding" value="UnicodeLittle"/>
    <property name="sun.desktop" value="windows"/>
    <property name="sun.cpu.isalist" value="amd64"/>
  </properties>
  <testcase classname="Calculadora Mobile" name="Somar dois numeros" time="0.009">
    <skipped/>
    <system-out>@Calculadora
Funcionalidade: Calculadora Mobile
  	eu como usuario gostaria de realizar algumas operacoes na calculadora do celular

  @Somar
  Esquema do Cenario: Somar dois numeros # Features/Calculadora.feature:8
    Quando adicionar o primeiro numero &quot;&lt;NUMERO1&gt;&quot;
    E adicionar o segundo numero &quot;&lt;NUMERO2&gt;&quot;
    Entao o resultado da soma deve ser &quot;&lt;RESULTADO&gt;&quot;.

    Exemplos: 

  @Calculadora @Somar
  Esquema do Cenario: Somar dois numeros     # Features/Calculadora.feature:15
    Quando adicionar o primeiro numero &quot;5&quot;   # null
    E adicionar o segundo numero &quot;5&quot;         # null
    Entao o resultado da soma deve ser &quot;10&quot;. # null
</system-out>
  </testcase>
  <testcase classname="Calculadora Mobile" name="Somar dois numeros" time="0.009">
    <skipped/>
  </testcase>
  <testcase classname="Calculadora Mobile" name="Somar dois numeros" time="0.009">
    <skipped/>
  </testcase>
</testsuite>